<?xml version="1.0" encoding="UTF-8"?>
<!-- Generated by org.testng.reporters.JUnitXMLReporter -->
<testsuite hostname="madhav-PC" ignored="0" name="MdComputerTest" tests="1" failures="1" timestamp="20 Sep 2018 17:01:39 GMT" time="29.723" errors="0">
  <testcase name="Get_Computer_Parts_Prices" time="16.82" classname="com.test.automation.PcBuild.TC001_Get_Price_Details">
    <failure type="java.lang.NullPointerException">
      <![CDATA[java.lang.NullPointerException
at com.test.automation.PcBuild.TestBase.TestBase.WriteDataInExcel(TestBase.java:430)
at com.test.automation.PcBuild.TC001_Get_Price_Details.Get_Computer_Parts_Prices(TC001_Get_Price_Details.java:118)
... Removed 25 stack frames]]>
    </failure>
  </testcase> <!-- Get_Computer_Parts_Prices -->
</testsuite> <!-- MdComputerTest -->
