<?xml version="1.0" encoding="UTF-8"?>
<!-- Generated by org.testng.reporters.JUnitXMLReporter -->
<testsuite hostname="madhav-PC" ignored="0" name="PrimeBgbTest" tests="1" failures="1" timestamp="29 Sep 2018 08:52:02 GMT" time="33.944" errors="0">
  <testcase name="Get_Computer_Parts_Prices" time="7.39" classname="com.test.automation.PcBuild.TC001_Get_Price_Details">
    <failure type="java.lang.NullPointerException">
      <![CDATA[java.lang.NullPointerException
at com.test.automation.PcBuild.TestBase.TestBase.WriteDataInExcel(TestBase.java:430)
at com.test.automation.PcBuild.TC001_Get_Price_Details.Get_Computer_Parts_Prices(TC001_Get_Price_Details.java:170)
... Removed 25 stack frames]]>
    </failure>
  </testcase> <!-- Get_Computer_Parts_Prices -->
</testsuite> <!-- PrimeBgbTest -->
