<?xml version="1.0" encoding="UTF-8"?>
<!-- Generated by org.testng.reporters.JUnitXMLReporter -->
<testsuite hostname="madhav-PC" name="LowestPrice" tests="1" failures="1" timestamp="29 Sep 2018 10:45:33 GMT" time="0.073" errors="0">
  <testcase name="lowestprice" time="0.071" classname="com.test.automation.PcBuild.TC002_Lowest_Price_Comparison">
    <failure type="java.lang.NullPointerException">
      <![CDATA[java.lang.NullPointerException
	at com.test.automation.PcBuild.Logical.LowestPriceComparison.lowestprice(LowestPriceComparison.java:48)
	at com.test.automation.PcBuild.TC002_Lowest_Price_Comparison.lowestprice(TC002_Lowest_Price_Comparison.java:24)
	at org.apache.maven.surefire.testng.TestNGExecutor.run(TestNGExecutor.java:295)
	at org.apache.maven.surefire.testng.TestNGXmlTestSuite.execute(TestNGXmlTestSuite.java:84)
	at org.apache.maven.surefire.testng.TestNGProvider.invoke(TestNGProvider.java:90)
	at org.apache.maven.surefire.booter.ForkedBooter.invokeProviderInSameClassLoader(ForkedBooter.java:203)
	at org.apache.maven.surefire.booter.ForkedBooter.runSuitesInProcess(ForkedBooter.java:155)
	at org.apache.maven.surefire.booter.ForkedBooter.main(ForkedBooter.java:103)
... Removed 21 stack frames]]>
    </failure>
  </testcase> <!-- lowestprice -->
</testsuite> <!-- LowestPrice -->
