<?xml version="1.0" encoding="UTF-8"?>
<testng-results skipped="0" failed="0" total="5" passed="5">
  <reporter-output>
  </reporter-output>
  <suite name="Suite" duration-ms="438942" started-at="2018-09-29T11:10:23Z" finished-at="2018-09-29T11:17:42Z">
    <groups>
      <group name="Functional">
        <method signature="TC001_Get_Price_Details.Get_Computer_Parts_Prices()[pri:0, instance:com.test.automation.PcBuild.TC001_Get_Price_Details@13fcdbd]" name="Get_Computer_Parts_Prices" class="com.test.automation.PcBuild.TC001_Get_Price_Details"/>
        <method signature="TC001_Get_Price_Details.Get_Computer_Parts_Prices()[pri:0, instance:com.test.automation.PcBuild.TC001_Get_Price_Details@9711b]" name="Get_Computer_Parts_Prices" class="com.test.automation.PcBuild.TC001_Get_Price_Details"/>
        <method signature="TC001_Get_Price_Details.Get_Computer_Parts_Prices()[pri:0, instance:com.test.automation.PcBuild.TC001_Get_Price_Details@174b225]" name="Get_Computer_Parts_Prices" class="com.test.automation.PcBuild.TC001_Get_Price_Details"/>
      </group> <!-- Functional -->
    </groups>
    <test name="theitdepotTest" duration-ms="197774" started-at="2018-09-29T11:10:23Z" finished-at="2018-09-29T11:13:41Z">
      <class name="com.test.automation.PcBuild.TC001_Get_Price_Details">
        <test-method status="PASS" signature="setup(java.lang.String, java.lang.String)[pri:0, instance:com.test.automation.PcBuild.TC001_Get_Price_Details@13fcdbd]" name="setup" is-config="true" duration-ms="25349" started-at="2018-09-29T16:40:23Z" finished-at="2018-09-29T16:40:48Z">
          <params>
            <param index="0">
              <value>
                <![CDATA[Chrome]]>
              </value>
            </param>
            <param index="1">
              <value>
                <![CDATA[https://www.theitdepot.com]]>
              </value>
            </param>
          </params>
          <reporter-output>
          </reporter-output>
        </test-method> <!-- setup -->
        <test-method status="PASS" signature="Get_Computer_Parts_Prices()[pri:0, instance:com.test.automation.PcBuild.TC001_Get_Price_Details@13fcdbd]" name="Get_Computer_Parts_Prices" duration-ms="171611" started-at="2018-09-29T16:40:48Z" finished-at="2018-09-29T16:43:40Z">
          <reporter-output>
          </reporter-output>
        </test-method> <!-- Get_Computer_Parts_Prices -->
        <test-method status="PASS" signature="endTest()[pri:0, instance:com.test.automation.PcBuild.TC001_Get_Price_Details@13fcdbd]" name="endTest" is-config="true" duration-ms="794" started-at="2018-09-29T16:43:40Z" finished-at="2018-09-29T16:43:41Z">
          <reporter-output>
          </reporter-output>
        </test-method> <!-- endTest -->
      </class> <!-- com.test.automation.PcBuild.TC001_Get_Price_Details -->
    </test> <!-- theitdepotTest -->
    <test name="MdComputerTest" duration-ms="122739" started-at="2018-09-29T11:13:41Z" finished-at="2018-09-29T11:15:43Z">
      <class name="com.test.automation.PcBuild.TC001_Get_Price_Details">
        <test-method status="PASS" signature="setup(java.lang.String, java.lang.String)[pri:0, instance:com.test.automation.PcBuild.TC001_Get_Price_Details@9711b]" name="setup" is-config="true" duration-ms="19793" started-at="2018-09-29T16:43:41Z" finished-at="2018-09-29T16:44:01Z">
          <params>
            <param index="0">
              <value>
                <![CDATA[Chrome]]>
              </value>
            </param>
            <param index="1">
              <value>
                <![CDATA[https://www.mdcomputers.in/]]>
              </value>
            </param>
          </params>
          <reporter-output>
          </reporter-output>
        </test-method> <!-- setup -->
        <test-method status="PASS" signature="Get_Computer_Parts_Prices()[pri:0, instance:com.test.automation.PcBuild.TC001_Get_Price_Details@9711b]" name="Get_Computer_Parts_Prices" duration-ms="102447" started-at="2018-09-29T16:44:01Z" finished-at="2018-09-29T16:45:43Z">
          <reporter-output>
          </reporter-output>
        </test-method> <!-- Get_Computer_Parts_Prices -->
        <test-method status="PASS" signature="endTest()[pri:0, instance:com.test.automation.PcBuild.TC001_Get_Price_Details@9711b]" name="endTest" is-config="true" duration-ms="498" started-at="2018-09-29T16:45:43Z" finished-at="2018-09-29T16:45:43Z">
          <reporter-output>
          </reporter-output>
        </test-method> <!-- endTest -->
      </class> <!-- com.test.automation.PcBuild.TC001_Get_Price_Details -->
    </test> <!-- MdComputerTest -->
    <test name="PrimeBgbTest" duration-ms="112707" started-at="2018-09-29T11:15:44Z" finished-at="2018-09-29T11:17:36Z">
      <class name="com.test.automation.PcBuild.TC001_Get_Price_Details">
        <test-method status="PASS" signature="setup(java.lang.String, java.lang.String)[pri:0, instance:com.test.automation.PcBuild.TC001_Get_Price_Details@174b225]" name="setup" is-config="true" duration-ms="26402" started-at="2018-09-29T16:45:44Z" finished-at="2018-09-29T16:46:10Z">
          <params>
            <param index="0">
              <value>
                <![CDATA[Chrome]]>
              </value>
            </param>
            <param index="1">
              <value>
                <![CDATA[https://www.primeabgb.com/]]>
              </value>
            </param>
          </params>
          <reporter-output>
          </reporter-output>
        </test-method> <!-- setup -->
        <test-method status="PASS" signature="Get_Computer_Parts_Prices()[pri:0, instance:com.test.automation.PcBuild.TC001_Get_Price_Details@174b225]" name="Get_Computer_Parts_Prices" duration-ms="84094" started-at="2018-09-29T16:46:10Z" finished-at="2018-09-29T16:47:34Z">
          <reporter-output>
          </reporter-output>
        </test-method> <!-- Get_Computer_Parts_Prices -->
        <test-method status="PASS" signature="endTest()[pri:0, instance:com.test.automation.PcBuild.TC001_Get_Price_Details@174b225]" name="endTest" is-config="true" duration-ms="2211" started-at="2018-09-29T16:47:34Z" finished-at="2018-09-29T16:47:36Z">
          <reporter-output>
          </reporter-output>
        </test-method> <!-- endTest -->
      </class> <!-- com.test.automation.PcBuild.TC001_Get_Price_Details -->
    </test> <!-- PrimeBgbTest -->
    <test name="LowestPrice" duration-ms="502" started-at="2018-09-29T11:17:36Z" finished-at="2018-09-29T11:17:37Z">
      <class name="com.test.automation.PcBuild.TC002_Lowest_Price_Comparison">
        <test-method status="PASS" signature="lowestprice()[pri:0, instance:com.test.automation.PcBuild.TC002_Lowest_Price_Comparison@121b0a2]" name="lowestprice" duration-ms="501" started-at="2018-09-29T16:47:36Z" finished-at="2018-09-29T16:47:37Z">
          <reporter-output>
          </reporter-output>
        </test-method> <!-- lowestprice -->
      </class> <!-- com.test.automation.PcBuild.TC002_Lowest_Price_Comparison -->
    </test> <!-- LowestPrice -->
    <test name="TotalCosting" duration-ms="5028" started-at="2018-09-29T11:17:37Z" finished-at="2018-09-29T11:17:42Z">
      <class name="com.test.automation.PcBuild.TC0003_Total_Cost_Value">
        <test-method status="PASS" signature="Total_Cost()[pri:0, instance:com.test.automation.PcBuild.TC0003_Total_Cost_Value@19a81e8]" name="Total_Cost" duration-ms="5027" started-at="2018-09-29T16:47:37Z" finished-at="2018-09-29T16:47:42Z">
          <reporter-output>
          </reporter-output>
        </test-method> <!-- Total_Cost -->
      </class> <!-- com.test.automation.PcBuild.TC0003_Total_Cost_Value -->
    </test> <!-- TotalCosting -->
  </suite> <!-- Suite -->
</testng-results>
